<?xml version="1.0" encoding="UTF-8"?>
<!-- Generated by org.testng.reporters.JUnitXMLReporter -->
<testsuite ignored="2" hostname="DESKTOP-I797OE1" failures="0" tests="1" name="Default test" time="31.655" errors="0" timestamp="2023-12-04T19:16:11 IST">
  <testcase classname="com.testcase.LoginTest" name="LoginwithValidCredentials" time="5.773"/>
  <testcase classname="com.testcase.LoginTest" name="LoginwithInvalidEmail" time="0.0">
    <ignored/>
  </testcase> <!-- LoginwithInvalidEmail -->
  <testcase classname="com.testcase.LoginTest" name="LoginwithInvalidCredentials" time="0.0">
    <ignored/>
  </testcase> <!-- LoginwithInvalidCredentials -->
</testsuite> <!-- Default test -->
