<?xml version="1.0" encoding="UTF-8"?>
<testng-results ignored="0" total="1" passed="1" failed="0" skipped="0">
  <reporter-output>
  </reporter-output>
  <suite started-at="2023-12-04T19:15:39 IST" name="Default suite" finished-at="2023-12-04T19:16:11 IST" duration-ms="31655">
    <groups>
    </groups>
    <test started-at="2023-12-04T19:15:39 IST" name="Default test" finished-at="2023-12-04T19:16:11 IST" duration-ms="31655">
      <class name="com.testcase.LoginTest">
        <test-method is-config="true" signature="startup()[pri:0, instance:com.testcase.LoginTest@15043a2f]" started-at="2023-12-04T19:15:39 IST" name="startup" finished-at="2023-12-04T19:16:05 IST" duration-ms="25424" status="PASS">
          <reporter-output>
          </reporter-output>
        </test-method> <!-- startup -->
        <test-method signature="LoginwithValidCredentials()[pri:1, instance:com.testcase.LoginTest@15043a2f]" started-at="2023-12-04T19:16:05 IST" name="LoginwithValidCredentials" finished-at="2023-12-04T19:16:10 IST" duration-ms="5773" status="PASS">
          <reporter-output>
          </reporter-output>
        </test-method> <!-- LoginwithValidCredentials -->
        <test-method is-config="true" signature="close()[pri:0, instance:com.testcase.LoginTest@15043a2f]" started-at="2023-12-04T19:16:10 IST" name="close" finished-at="2023-12-04T19:16:11 IST" duration-ms="342" status="PASS">
          <reporter-output>
          </reporter-output>
        </test-method> <!-- close -->
      </class> <!-- com.testcase.LoginTest -->
    </test> <!-- Default test -->
  </suite> <!-- Default suite -->
</testng-results>
