<?xml version="1.0" encoding="UTF-8"?>
<testng-results ignored="0" total="1" passed="1" failed="0" skipped="0">
  <reporter-output>
  </reporter-output>
  <suite started-at="2023-12-05T19:11:44 IST" name="Default suite" finished-at="2023-12-05T19:12:15 IST" duration-ms="31264">
    <groups>
    </groups>
    <test started-at="2023-12-05T19:11:44 IST" name="Default test" finished-at="2023-12-05T19:12:15 IST" duration-ms="31264">
      <class name="com.testcase.SignupTest">
        <test-method is-config="true" signature="startup()[pri:0, instance:com.testcase.SignupTest@196a42c3]" started-at="2023-12-05T19:11:44 IST" name="startup" finished-at="2023-12-05T19:12:01 IST" duration-ms="16401" status="PASS">
          <reporter-output>
          </reporter-output>
        </test-method> <!-- startup -->
        <test-method signature="Signup()[pri:0, instance:com.testcase.SignupTest@196a42c3]" started-at="2023-12-05T19:12:01 IST" name="Signup" finished-at="2023-12-05T19:12:15 IST" duration-ms="14585" status="PASS">
          <reporter-output>
          </reporter-output>
        </test-method> <!-- Signup -->
        <test-method is-config="true" signature="close()[pri:0, instance:com.testcase.SignupTest@196a42c3]" started-at="2023-12-05T19:12:15 IST" name="close" finished-at="2023-12-05T19:12:15 IST" duration-ms="131" status="PASS">
          <reporter-output>
          </reporter-output>
        </test-method> <!-- close -->
      </class> <!-- com.testcase.SignupTest -->
    </test> <!-- Default test -->
  </suite> <!-- Default suite -->
</testng-results>
